This is pdfTeX, Version 3.141592653-2.6-1.40.24 (TeX Live 2022) (preloaded format=pdflatex 2022.7.14)  14 JUL 2022 07:41
entering extended mode
 restricted \write18 enabled.
 %&-line parsing enabled.
**co2_1997.tex
(./co2_1997.tex
LaTeX2e <2022-06-01> patch level 5
L3 programming layer <2022-07-04> (/Users/S2K6/Library/TinyTeX/texmf-dist/tex/latex/base/article.cls
Document Class: article 2021/10/04 v1.4n Standard LaTeX document class
(/Users/S2K6/Library/TinyTeX/texmf-dist/tex/latex/base/size10.clo
File: size10.clo 2021/10/04 v1.4n Standard LaTeX file (size option)
)
\c@part=\count185
\c@section=\count186
\c@subsection=\count187
\c@subsubsection=\count188
\c@paragraph=\count189
\c@subparagraph=\count190
\c@figure=\count191
\c@table=\count192
\abovecaptionskip=\skip47
\belowcaptionskip=\skip48
\bibindent=\dimen138
) (/Users/S2K6/Library/TinyTeX/texmf-dist/tex/latex/amsmath/amsmath.sty
Package: amsmath 2022/04/08 v2.17n AMS math features
\@mathmargin=\skip49
For additional information on amsmath, use the `?' option.
(/Users/S2K6/Library/TinyTeX/texmf-dist/tex/latex/amsmath/amstext.sty
Package: amstext 2021/08/26 v2.01 AMS text
(/Users/S2K6/Library/TinyTeX/texmf-dist/tex/latex/amsmath/amsgen.sty
File: amsgen.sty 1999/11/30 v2.0 generic functions
\@emptytoks=\toks16
\ex@=\dimen139
)) (/Users/S2K6/Library/TinyTeX/texmf-dist/tex/latex/amsmath/amsbsy.sty
Package: amsbsy 1999/11/29 v1.2d Bold Symbols
\pmbraise@=\dimen140
) (/Users/S2K6/Library/TinyTeX/texmf-dist/tex/latex/amsmath/amsopn.sty
Package: amsopn 2022/04/08 v2.04 operator names
)
\inf@bad=\count193
LaTeX Info: Redefining \frac on input line 234.
\uproot@=\count194
\leftroot@=\count195
LaTeX Info: Redefining \overline on input line 399.
LaTeX Info: Redefining \colon on input line 410.
\classnum@=\count196
\DOTSCASE@=\count197
LaTeX Info: Redefining \ldots on input line 496.
LaTeX Info: Redefining \dots on input line 499.
LaTeX Info: Redefining \cdots on input line 620.
\Mathstrutbox@=\box51
\strutbox@=\box52
LaTeX Info: Redefining \big on input line 722.
LaTeX Info: Redefining \Big on input line 723.
LaTeX Info: Redefining \bigg on input line 724.
LaTeX Info: Redefining \Bigg on input line 725.
\big@size=\dimen141
LaTeX Font Info:    Redeclaring font encoding OML on input line 743.
LaTeX Font Info:    Redeclaring font encoding OMS on input line 744.
\macc@depth=\count198
LaTeX Info: Redefining \bmod on input line 905.
LaTeX Info: Redefining \pmod on input line 910.
LaTeX Info: Redefining \smash on input line 940.
LaTeX Info: Redefining \relbar on input line 970.
LaTeX Info: Redefining \Relbar on input line 971.
\c@MaxMatrixCols=\count199
\dotsspace@=\muskip16
\c@parentequation=\count266
\dspbrk@lvl=\count267
\tag@help=\toks17
\row@=\count268
\column@=\count269
\maxfields@=\count270
\andhelp@=\toks18
\eqnshift@=\dimen142
\alignsep@=\dimen143
\tagshift@=\dimen144
\tagwidth@=\dimen145
\totwidth@=\dimen146
\lineht@=\dimen147
\@envbody=\toks19
\multlinegap=\skip50
\multlinetaggap=\skip51
\mathdisplay@stack=\toks20
LaTeX Info: Redefining \[ on input line 2953.
LaTeX Info: Redefining \] on input line 2954.
) (/Users/S2K6/Library/TinyTeX/texmf-dist/tex/latex/amsfonts/amssymb.sty
Package: amssymb 2013/01/14 v3.01 AMS font symbols
(/Users/S2K6/Library/TinyTeX/texmf-dist/tex/latex/amsfonts/amsfonts.sty
Package: amsfonts 2013/01/14 v3.01 Basic AMSFonts support
\symAMSa=\mathgroup4
\symAMSb=\mathgroup5
LaTeX Font Info:    Redeclaring math symbol \hbar on input line 98.
LaTeX Font Info:    Overwriting math alphabet `\mathfrak' in version `bold'
(Font)                  U/euf/m/n --> U/euf/b/n on input line 106.
)) (/Users/S2K6/Library/TinyTeX/texmf-dist/tex/latex/lm/lmodern.sty
Package: lmodern 2015/05/01 v1.6.1 Latin Modern Fonts
LaTeX Font Info:    Overwriting symbol font `operators' in version `normal'
(Font)                  OT1/cmr/m/n --> OT1/lmr/m/n on input line 22.
LaTeX Font Info:    Overwriting symbol font `letters' in version `normal'
(Font)                  OML/cmm/m/it --> OML/lmm/m/it on input line 23.
LaTeX Font Info:    Overwriting symbol font `symbols' in version `normal'
(Font)                  OMS/cmsy/m/n --> OMS/lmsy/m/n on input line 24.
LaTeX Font Info:    Overwriting symbol font `largesymbols' in version `normal'
(Font)                  OMX/cmex/m/n --> OMX/lmex/m/n on input line 25.
LaTeX Font Info:    Overwriting symbol font `operators' in version `bold'
(Font)                  OT1/cmr/bx/n --> OT1/lmr/bx/n on input line 26.
LaTeX Font Info:    Overwriting symbol font `letters' in version `bold'
(Font)                  OML/cmm/b/it --> OML/lmm/b/it on input line 27.
LaTeX Font Info:    Overwriting symbol font `symbols' in version `bold'
(Font)                  OMS/cmsy/b/n --> OMS/lmsy/b/n on input line 28.
LaTeX Font Info:    Overwriting symbol font `largesymbols' in version `bold'
(Font)                  OMX/cmex/m/n --> OMX/lmex/m/n on input line 29.
LaTeX Font Info:    Overwriting math alphabet `\mathbf' in version `normal'
(Font)                  OT1/cmr/bx/n --> OT1/lmr/bx/n on input line 31.
LaTeX Font Info:    Overwriting math alphabet `\mathsf' in version `normal'
(Font)                  OT1/cmss/m/n --> OT1/lmss/m/n on input line 32.
LaTeX Font Info:    Overwriting math alphabet `\mathit' in version `normal'
(Font)                  OT1/cmr/m/it --> OT1/lmr/m/it on input line 33.
LaTeX Font Info:    Overwriting math alphabet `\mathtt' in version `normal'
(Font)                  OT1/cmtt/m/n --> OT1/lmtt/m/n on input line 34.
LaTeX Font Info:    Overwriting math alphabet `\mathbf' in version `bold'
(Font)                  OT1/cmr/bx/n --> OT1/lmr/bx/n on input line 35.
LaTeX Font Info:    Overwriting math alphabet `\mathsf' in version `bold'
(Font)                  OT1/cmss/bx/n --> OT1/lmss/bx/n on input line 36.
LaTeX Font Info:    Overwriting math alphabet `\mathit' in version `bold'
(Font)                  OT1/cmr/bx/it --> OT1/lmr/bx/it on input line 37.
LaTeX Font Info:    Overwriting math alphabet `\mathtt' in version `bold'
(Font)                  OT1/cmtt/m/n --> OT1/lmtt/m/n on input line 38.
) (/Users/S2K6/Library/TinyTeX/texmf-dist/tex/generic/iftex/iftex.sty
Package: iftex 2022/02/03 v1.0f TeX engine tests
) (/Users/S2K6/Library/TinyTeX/texmf-dist/tex/latex/base/fontenc.sty
Package: fontenc 2021/04/29 v2.0v Standard LaTeX package
LaTeX Font Info:    Trying to load font information for T1+lmr on input line 112.
(/Users/S2K6/Library/TinyTeX/texmf-dist/tex/latex/lm/t1lmr.fd
File: t1lmr.fd 2015/05/01 v1.6.1 Font defs for Latin Modern
)) (/Users/S2K6/Library/TinyTeX/texmf-dist/tex/latex/base/inputenc.sty
Package: inputenc 2021/02/14 v1.3d Input encoding file
\inpenc@prehook=\toks21
\inpenc@posthook=\toks22
) (/Users/S2K6/Library/TinyTeX/texmf-dist/tex/latex/base/textcomp.sty
Package: textcomp 2020/02/02 v2.0n Standard LaTeX package
) (/Users/S2K6/Library/TinyTeX/texmf-dist/tex/latex/xcolor/xcolor.sty
Package: xcolor 2022/06/12 v2.14 LaTeX color extensions (UK)
(/Users/S2K6/Library/TinyTeX/texmf-dist/tex/latex/graphics-cfg/color.cfg
File: color.cfg 2016/01/02 v1.6 sample color configuration
)
Package xcolor Info: Driver file: pdftex.def on input line 227.
(/Users/S2K6/Library/TinyTeX/texmf-dist/tex/latex/graphics-def/pdftex.def
File: pdftex.def 2020/10/05 v1.2a Graphics/color driver for pdftex
) (/Users/S2K6/Library/TinyTeX/texmf-dist/tex/latex/graphics/mathcolor.ltx)
Package xcolor Info: Model `cmy' substituted by `cmy0' on input line 1353.
Package xcolor Info: Model `hsb' substituted by `rgb' on input line 1357.
Package xcolor Info: Model `RGB' extended on input line 1369.
Package xcolor Info: Model `HTML' substituted by `rgb' on input line 1371.
Package xcolor Info: Model `Hsb' substituted by `hsb' on input line 1372.
Package xcolor Info: Model `tHsb' substituted by `hsb' on input line 1373.
Package xcolor Info: Model `HSB' substituted by `hsb' on input line 1374.
Package xcolor Info: Model `Gray' substituted by `gray' on input line 1375.
Package xcolor Info: Model `wave' substituted by `hsb' on input line 1376.
) (/Users/S2K6/Library/TinyTeX/texmf-dist/tex/latex/hyperref/hyperref.sty
Package: hyperref 2022-06-20 v7.00s Hypertext links for LaTeX
(/Users/S2K6/Library/TinyTeX/texmf-dist/tex/generic/ltxcmds/ltxcmds.sty
Package: ltxcmds 2020-05-10 v1.25 LaTeX kernel commands for general use (HO)
) (/Users/S2K6/Library/TinyTeX/texmf-dist/tex/generic/pdftexcmds/pdftexcmds.sty
Package: pdftexcmds 2020-06-27 v0.33 Utility functions of pdfTeX for LuaTeX (HO)
(/Users/S2K6/Library/TinyTeX/texmf-dist/tex/generic/infwarerr/infwarerr.sty
Package: infwarerr 2019/12/03 v1.5 Providing info/warning/error messages (HO)
)
Package pdftexcmds Info: \pdf@primitive is available.
Package pdftexcmds Info: \pdf@ifprimitive is available.
Package pdftexcmds Info: \pdfdraftmode found.
) (/Users/S2K6/Library/TinyTeX/texmf-dist/tex/latex/graphics/keyval.sty
Package: keyval 2022/05/29 v1.15 key=value parser (DPC)
\KV@toks@=\toks23
) (/Users/S2K6/Library/TinyTeX/texmf-dist/tex/generic/kvsetkeys/kvsetkeys.sty
Package: kvsetkeys 2019/12/15 v1.18 Key value parser (HO)
) (/Users/S2K6/Library/TinyTeX/texmf-dist/tex/generic/kvdefinekeys/kvdefinekeys.sty
Package: kvdefinekeys 2019-12-19 v1.6 Define keys (HO)
) (/Users/S2K6/Library/TinyTeX/texmf-dist/tex/generic/pdfescape/pdfescape.sty
Package: pdfescape 2019/12/09 v1.15 Implements pdfTeX's escape features (HO)
) (/Users/S2K6/Library/TinyTeX/texmf-dist/tex/latex/hycolor/hycolor.sty
Package: hycolor 2020-01-27 v1.10 Color options for hyperref/bookmark (HO)
) (/Users/S2K6/Library/TinyTeX/texmf-dist/tex/latex/letltxmacro/letltxmacro.sty
Package: letltxmacro 2019/12/03 v1.6 Let assignment for LaTeX macros (HO)
) (/Users/S2K6/Library/TinyTeX/texmf-dist/tex/latex/auxhook/auxhook.sty
Package: auxhook 2019-12-17 v1.6 Hooks for auxiliary files (HO)
) (/Users/S2K6/Library/TinyTeX/texmf-dist/tex/latex/hyperref/nameref.sty
Package: nameref 2022-05-17 v2.50 Cross-referencing by name of section
(/Users/S2K6/Library/TinyTeX/texmf-dist/tex/latex/refcount/refcount.sty
Package: refcount 2019/12/15 v3.6 Data extraction from label references (HO)
) (/Users/S2K6/Library/TinyTeX/texmf-dist/tex/generic/gettitlestring/gettitlestring.sty
Package: gettitlestring 2019/12/15 v1.6 Cleanup title references (HO)
(/Users/S2K6/Library/TinyTeX/texmf-dist/tex/latex/kvoptions/kvoptions.sty
Package: kvoptions 2022-06-15 v3.15 Key value format for package options (HO)
))
\c@section@level=\count271
)
\@linkdim=\dimen148
\Hy@linkcounter=\count272
\Hy@pagecounter=\count273
(/Users/S2K6/Library/TinyTeX/texmf-dist/tex/latex/hyperref/pd1enc.def
File: pd1enc.def 2022-06-20 v7.00s Hyperref: PDFDocEncoding definition (HO)
Now handling font encoding PD1 ...
... no UTF-8 mapping file for font encoding PD1
) (/Users/S2K6/Library/TinyTeX/texmf-dist/tex/generic/intcalc/intcalc.sty
Package: intcalc 2019/12/15 v1.3 Expandable calculations with integers (HO)
) (/Users/S2K6/Library/TinyTeX/texmf-dist/tex/generic/etexcmds/etexcmds.sty
Package: etexcmds 2019/12/15 v1.7 Avoid name clashes with e-TeX commands (HO)
)
\Hy@SavedSpaceFactor=\count274
(/Users/S2K6/Library/TinyTeX/texmf-dist/tex/latex/hyperref/puenc.def
File: puenc.def 2022-06-20 v7.00s Hyperref: PDF Unicode definition (HO)
Now handling font encoding PU ...
... no UTF-8 mapping file for font encoding PU
)
Package hyperref Info: Option `unicode' set `true' on input line 4045.
Package hyperref Info: Hyper figures OFF on input line 4162.
Package hyperref Info: Link nesting OFF on input line 4167.
Package hyperref Info: Hyper index ON on input line 4170.
Package hyperref Info: Plain pages OFF on input line 4177.
Package hyperref Info: Backreferencing OFF on input line 4182.
Package hyperref Info: Implicit mode ON; LaTeX internals redefined.
Package hyperref Info: Bookmarks ON on input line 4408.
\c@Hy@tempcnt=\count275
(/Users/S2K6/Library/TinyTeX/texmf-dist/tex/latex/url/url.sty
\Urlmuskip=\muskip17
Package: url 2013/09/16  ver 3.4  Verb mode for urls, etc.
)
LaTeX Info: Redefining \url on input line 4746.
\XeTeXLinkMargin=\dimen149
(/Users/S2K6/Library/TinyTeX/texmf-dist/tex/generic/bitset/bitset.sty
Package: bitset 2019/12/09 v1.3 Handle bit-vector datatype (HO)
(/Users/S2K6/Library/TinyTeX/texmf-dist/tex/generic/bigintcalc/bigintcalc.sty
Package: bigintcalc 2019/12/15 v1.5 Expandable calculations on big integers (HO)
))
\Fld@menulength=\count276
\Field@Width=\dimen150
\Fld@charsize=\dimen151
Package hyperref Info: Hyper figures OFF on input line 6024.
Package hyperref Info: Link nesting OFF on input line 6029.
Package hyperref Info: Hyper index ON on input line 6032.
Package hyperref Info: backreferencing OFF on input line 6039.
Package hyperref Info: Link coloring OFF on input line 6044.
Package hyperref Info: Link coloring with OCG OFF on input line 6049.
Package hyperref Info: PDF/A mode OFF on input line 6054.
(/Users/S2K6/Library/TinyTeX/texmf-dist/tex/latex/base/atbegshi-ltx.sty
Package: atbegshi-ltx 2021/01/10 v1.0c Emulation of the original atbegshi
package with kernel methods
)
\Hy@abspage=\count277
\c@Item=\count278
\c@Hfootnote=\count279
)
Package hyperref Info: Driver (autodetected): hpdftex.
(/Users/S2K6/Library/TinyTeX/texmf-dist/tex/latex/hyperref/hpdftex.def
File: hpdftex.def 2022-06-20 v7.00s Hyperref driver for pdfTeX
(/Users/S2K6/Library/TinyTeX/texmf-dist/tex/latex/base/atveryend-ltx.sty
Package: atveryend-ltx 2020/08/19 v1.0a Emulation of the original atveryend package
with kernel methods
)
\Fld@listcount=\count280
\c@bookmark@seq@number=\count281
(/Users/S2K6/Library/TinyTeX/texmf-dist/tex/latex/rerunfilecheck/rerunfilecheck.sty
Package: rerunfilecheck 2022-07-10 v1.10 Rerun checks for auxiliary files (HO)
(/Users/S2K6/Library/TinyTeX/texmf-dist/tex/generic/uniquecounter/uniquecounter.sty
Package: uniquecounter 2019/12/15 v1.4 Provide unlimited unique counter (HO)
)
Package uniquecounter Info: New unique counter `rerunfilecheck' on input line 285.
)
\Hy@SectionHShift=\skip52
) (/Users/S2K6/Library/TinyTeX/texmf-dist/tex/latex/geometry/geometry.sty
Package: geometry 2020/01/02 v5.9 Page Geometry
(/Users/S2K6/Library/TinyTeX/texmf-dist/tex/generic/iftex/ifvtex.sty
Package: ifvtex 2019/10/25 v1.7 ifvtex legacy package. Use iftex instead.
)
\Gm@cnth=\count282
\Gm@cntv=\count283
\c@Gm@tempcnt=\count284
\Gm@bindingoffset=\dimen152
\Gm@wd@mp=\dimen153
\Gm@odd@mp=\dimen154
\Gm@even@mp=\dimen155
\Gm@layoutwidth=\dimen156
\Gm@layoutheight=\dimen157
\Gm@layouthoffset=\dimen158
\Gm@layoutvoffset=\dimen159
\Gm@dimlist=\toks24
) (/Users/S2K6/Library/TinyTeX/texmf-dist/tex/latex/fancyvrb/fancyvrb.sty
Package: fancyvrb 2022/06/06 4.5 verbatim text (tvz,hv)
\FV@CodeLineNo=\count285
\FV@InFile=\read2
\FV@TabBox=\box53
\c@FancyVerbLine=\count286
\FV@StepNumber=\count287
\FV@OutFile=\write3
) (/Users/S2K6/Library/TinyTeX/texmf-dist/tex/latex/framed/framed.sty
Package: framed 2011/10/22 v 0.96: framed or shaded text with page breaks
\OuterFrameSep=\skip53
\fb@frw=\dimen160
\fb@frh=\dimen161
\FrameRule=\dimen162
\FrameSep=\dimen163
) (/Users/S2K6/Library/TinyTeX/texmf-dist/tex/latex/graphics/graphicx.sty
Package: graphicx 2021/09/16 v1.2d Enhanced LaTeX Graphics (DPC,SPQR)
(/Users/S2K6/Library/TinyTeX/texmf-dist/tex/latex/graphics/graphics.sty
Package: graphics 2022/03/10 v1.4e Standard LaTeX Graphics (DPC,SPQR)
(/Users/S2K6/Library/TinyTeX/texmf-dist/tex/latex/graphics/trig.sty
Package: trig 2021/08/11 v1.11 sin cos tan (DPC)
) (/Users/S2K6/Library/TinyTeX/texmf-dist/tex/latex/graphics-cfg/graphics.cfg
File: graphics.cfg 2016/06/04 v1.11 sample graphics configuration
)
Package graphics Info: Driver file: pdftex.def on input line 107.
)
\Gin@req@height=\dimen164
\Gin@req@width=\dimen165
) (/Users/S2K6/Library/TinyTeX/texmf-dist/tex/latex/booktabs/booktabs.sty
Package: booktabs 2020/01/12 v1.61803398 Publication quality tables
\heavyrulewidth=\dimen166
\lightrulewidth=\dimen167
\cmidrulewidth=\dimen168
\belowrulesep=\dimen169
\belowbottomsep=\dimen170
\aboverulesep=\dimen171
\abovetopsep=\dimen172
\cmidrulesep=\dimen173
\cmidrulekern=\dimen174
\defaultaddspace=\dimen175
\@cmidla=\count288
\@cmidlb=\count289
\@aboverulesep=\dimen176
\@belowrulesep=\dimen177
\@thisruleclass=\count290
\@lastruleclass=\count291
\@thisrulewidth=\dimen178
) (/Users/S2K6/Library/TinyTeX/texmf-dist/tex/latex/tools/longtable.sty
Package: longtable 2021-09-01 v4.17 Multi-page Table package (DPC)
\LTleft=\skip54
\LTright=\skip55
\LTpre=\skip56
\LTpost=\skip57
\LTchunksize=\count292
\LTcapwidth=\dimen179
\LT@head=\box54
\LT@firsthead=\box55
\LT@foot=\box56
\LT@lastfoot=\box57
\LT@gbox=\box58
\LT@cols=\count293
\LT@rows=\count294
\c@LT@tables=\count295
\c@LT@chunks=\count296
\LT@p@ftn=\toks25
) (/Users/S2K6/Library/TinyTeX/texmf-dist/tex/latex/tools/array.sty
Package: array 2022/03/10 v2.5f Tabular extension package (FMi)
\col@sep=\dimen180
\ar@mcellbox=\box59
\extrarowheight=\dimen181
\NC@list=\toks26
\extratabsurround=\skip58
\backup@length=\skip59
\ar@cellbox=\box60
) (/Users/S2K6/Library/TinyTeX/texmf-dist/tex/latex/multirow/multirow.sty
Package: multirow 2021/03/15 v2.8 Span multiple rows of a table
\multirow@colwidth=\skip60
\multirow@cntb=\count297
\multirow@dima=\skip61
\bigstrutjot=\dimen182
) (/Users/S2K6/Library/TinyTeX/texmf-dist/tex/latex/wrapfig/wrapfig.sty
\wrapoverhang=\dimen183
\WF@size=\dimen184
\c@WF@wrappedlines=\count298
\WF@box=\box61
\WF@everypar=\toks27
Package: wrapfig 2003/01/31  v 3.6
) (/Users/S2K6/Library/TinyTeX/texmf-dist/tex/latex/float/float.sty
Package: float 2001/11/08 v1.3d Float enhancements (AL)
\c@float@type=\count299
\float@exts=\toks28
\float@box=\box62
\@float@everytoks=\toks29
\@floatcapt=\box63
) (/Users/S2K6/Library/TinyTeX/texmf-dist/tex/latex/colortbl/colortbl.sty
Package: colortbl 2020/01/04 v1.0e Color table columns (DPC)
\everycr=\toks30
\minrowclearance=\skip62
) (/Users/S2K6/Library/TinyTeX/texmf-dist/tex/latex/pdflscape/pdflscape.sty
Package: pdflscape 2019/12/05 v0.12 Display of landscape pages in PDF (HO)
(/Users/S2K6/Library/TinyTeX/texmf-dist/tex/latex/graphics/lscape.sty
Package: lscape 2020/05/28 v3.02 Landscape Pages (DPC)
)
Package pdflscape Info: Auto-detected driver: pdftex on input line 81.
) (/Users/S2K6/Library/TinyTeX/texmf-dist/tex/latex/tabu/tabu.sty
Package: tabu 2019/01/11 v2.9 - flexible LaTeX tabulars (FC+tabu-fixed)
(/Users/S2K6/Library/TinyTeX/texmf-dist/tex/latex/varwidth/varwidth.sty
Package: varwidth 2009/03/30 ver 0.92;  Variable-width minipages
\@vwid@box=\box64
\sift@deathcycles=\count300
\@vwid@loff=\dimen185
\@vwid@roff=\dimen186
)
\c@taburow=\count301
\tabu@nbcols=\count302
\tabu@cnt=\count303
\tabu@Xcol=\count304
\tabu@alloc=\count305
\tabu@nested=\count306
\tabu@target=\dimen187
\tabu@spreadtarget=\dimen188
\tabu@naturalX=\dimen189
\tabucolX=\dimen190
\tabu@Xsum=\dimen191
\extrarowdepth=\dimen192
\abovetabulinesep=\dimen193
\belowtabulinesep=\dimen194
\tabustrutrule=\dimen195
\tabu@thebody=\toks31
\tabu@footnotes=\toks32
\tabu@box=\box65
\tabu@arstrutbox=\box66
\tabu@hleads=\box67
\tabu@vleads=\box68
\tabu@cellskip=\skip63
) (/Users/S2K6/Library/TinyTeX/texmf-dist/tex/latex/threeparttable/threeparttable.sty
Package: threeparttable 2003/06/13  v 3.0
\@tempboxb=\box69
) (/Users/S2K6/Library/TinyTeX/texmf-dist/tex/latex/threeparttablex/threeparttablex.sty
Package: threeparttablex 2013/07/23 v0.3 by daleif
(/Users/S2K6/Library/TinyTeX/texmf-dist/tex/latex/environ/environ.sty
Package: environ 2014/05/04 v0.3 A new way to define environments
(/Users/S2K6/Library/TinyTeX/texmf-dist/tex/latex/trimspaces/trimspaces.sty
Package: trimspaces 2009/09/17 v1.1 Trim spaces around a token list
))
\TPTL@width=\skip64
) (/Users/S2K6/Library/TinyTeX/texmf-dist/tex/generic/ulem/ulem.sty
\UL@box=\box70
\UL@hyphenbox=\box71
\UL@skip=\skip65
\UL@hook=\toks33
\UL@height=\dimen196
\UL@pe=\count307
\UL@pixel=\dimen197
\ULC@box=\box72
Package: ulem 2019/11/18
\ULdepth=\dimen198
) (/Users/S2K6/Library/TinyTeX/texmf-dist/tex/latex/makecell/makecell.sty
Package: makecell 2009/08/03 V0.1e Managing of Tab Column Heads and Cells
\rotheadsize=\dimen199
\c@nlinenum=\count308
\TeXr@lab=\toks34
) (/Users/S2K6/Library/TinyTeX/texmf-dist/tex/latex/l3backend/l3backend-pdftex.def
File: l3backend-pdftex.def 2022-07-01 L3 backend support: PDF output (pdfTeX)
\l__color_backend_stack_int=\count309
\l__pdf_internal_box=\box73
) (./co2_1997.aux)
\openout1 = `co2_1997.aux'.

LaTeX Font Info:    Checking defaults for OML/cmm/m/it on input line 125.
LaTeX Font Info:    ... okay on input line 125.
LaTeX Font Info:    Checking defaults for OMS/cmsy/m/n on input line 125.
LaTeX Font Info:    ... okay on input line 125.
LaTeX Font Info:    Checking defaults for OT1/cmr/m/n on input line 125.
LaTeX Font Info:    ... okay on input line 125.
LaTeX Font Info:    Checking defaults for T1/cmr/m/n on input line 125.
LaTeX Font Info:    ... okay on input line 125.
LaTeX Font Info:    Checking defaults for TS1/cmr/m/n on input line 125.
LaTeX Font Info:    ... okay on input line 125.
LaTeX Font Info:    Checking defaults for OMX/cmex/m/n on input line 125.
LaTeX Font Info:    ... okay on input line 125.
LaTeX Font Info:    Checking defaults for U/cmr/m/n on input line 125.
LaTeX Font Info:    ... okay on input line 125.
LaTeX Font Info:    Checking defaults for PD1/pdf/m/n on input line 125.
LaTeX Font Info:    ... okay on input line 125.
LaTeX Font Info:    Checking defaults for PU/pdf/m/n on input line 125.
LaTeX Font Info:    ... okay on input line 125.
(/Users/S2K6/Library/TinyTeX/texmf-dist/tex/latex/epstopdf-pkg/epstopdf-base.sty
Package: epstopdf-base 2020-01-24 v2.11 Base part for package epstopdf
Package epstopdf-base Info: Redefining graphics rule for `.eps' on input line 485.
(/Users/S2K6/Library/TinyTeX/texmf-dist/tex/latex/latexconfig/epstopdf-sys.cfg
File: epstopdf-sys.cfg 2010/07/13 v1.3 Configuration of (r)epstopdf for TeX Live
))
Package hyperref Info: Link coloring OFF on input line 125.
(./co2_1997.out) (./co2_1997.out)
\@outlinefile=\write4
\openout4 = `co2_1997.out'.

*geometry* driver: auto-detecting
*geometry* detected driver: pdftex
*geometry* verbose mode - [ preamble ] result:
* driver: pdftex
* paper: <default>
* layout: <same size as paper>
* layoutoffset:(h,v)=(0.0pt,0.0pt)
* modes: 
* h-part:(L,W,R)=(72.26999pt, 469.75502pt, 72.26999pt)
* v-part:(T,H,B)=(72.26999pt, 650.43001pt, 72.26999pt)
* \paperwidth=614.295pt
* \paperheight=794.96999pt
* \textwidth=469.75502pt
* \textheight=650.43001pt
* \oddsidemargin=0.0pt
* \evensidemargin=0.0pt
* \topmargin=-37.0pt
* \headheight=12.0pt
* \headsep=25.0pt
* \topskip=10.0pt
* \footskip=30.0pt
* \marginparwidth=65.0pt
* \marginparsep=11.0pt
* \columnsep=10.0pt
* \skip\footins=9.0pt plus 4.0pt minus 2.0pt
* \hoffset=0.0pt
* \voffset=0.0pt
* \mag=1000
* \@twocolumnfalse
* \@twosidefalse
* \@mparswitchfalse
* \@reversemarginfalse
* (1in=72.27pt=25.4mm, 1cm=28.453pt)

LaTeX Font Info:    Trying to load font information for OT1+lmr on input line 127.
(/Users/S2K6/Library/TinyTeX/texmf-dist/tex/latex/lm/ot1lmr.fd
File: ot1lmr.fd 2015/05/01 v1.6.1 Font defs for Latin Modern
)
LaTeX Font Info:    Trying to load font information for OML+lmm on input line 127.
(/Users/S2K6/Library/TinyTeX/texmf-dist/tex/latex/lm/omllmm.fd
File: omllmm.fd 2015/05/01 v1.6.1 Font defs for Latin Modern
)
LaTeX Font Info:    Trying to load font information for OMS+lmsy on input line 127.
(/Users/S2K6/Library/TinyTeX/texmf-dist/tex/latex/lm/omslmsy.fd
File: omslmsy.fd 2015/05/01 v1.6.1 Font defs for Latin Modern
)
LaTeX Font Info:    Trying to load font information for OMX+lmex on input line 127.
(/Users/S2K6/Library/TinyTeX/texmf-dist/tex/latex/lm/omxlmex.fd
File: omxlmex.fd 2015/05/01 v1.6.1 Font defs for Latin Modern
)
LaTeX Font Info:    External font `lmex10' loaded for size
(Font)              <17.28> on input line 127.
LaTeX Font Info:    External font `lmex10' loaded for size
(Font)              <12> on input line 127.
LaTeX Font Info:    External font `lmex10' loaded for size
(Font)              <10> on input line 127.
LaTeX Font Info:    Trying to load font information for U+msa on input line 127.
(/Users/S2K6/Library/TinyTeX/texmf-dist/tex/latex/amsfonts/umsa.fd
File: umsa.fd 2013/01/14 v3.01 AMS symbols A
)
LaTeX Font Info:    Trying to load font information for U+msb on input line 127.
(/Users/S2K6/Library/TinyTeX/texmf-dist/tex/latex/amsfonts/umsb.fd
File: umsb.fd 2013/01/14 v3.01 AMS symbols B
)
LaTeX Font Info:    External font `lmex10' loaded for size
(Font)              <8> on input line 127.
LaTeX Font Info:    External font `lmex10' loaded for size
(Font)              <6> on input line 127.
LaTeX Font Info:    External font `lmex10' loaded for size
(Font)              <9> on input line 141.
LaTeX Font Info:    External font `lmex10' loaded for size
(Font)              <5> on input line 141.
LaTeX Font Info:    External font `lmex10' loaded for size
(Font)              <7> on input line 168.
[1

{/Users/S2K6/Library/TinyTeX/texmf-var/fonts/map/pdftex/updmap/pdftex.map}]
<co2_1997_files/figure-latex/plot the keeling curve-1.pdf, id=71, 289.08pt x 216.81pt>
File: co2_1997_files/figure-latex/plot the keeling curve-1.pdf Graphic file (type pdf)
<use co2_1997_files/figure-latex/plot the keeling curve-1.pdf>
Package pdftex.def Info: co2_1997_files/figure-latex/plot the keeling curve-1.pdf  used on input line 243.
(pdftex.def)             Requested size: 289.09251pt x 216.81938pt.
[2]

LaTeX Warning: Reference `fig:carbon' on page 3 undefined on input line 245.

LaTeX Font Info:    Trying to load font information for T1+lmtt on input line 255.
(/Users/S2K6/Library/TinyTeX/texmf-dist/tex/latex/lm/t1lmtt.fd
File: t1lmtt.fd 2015/05/01 v1.6.1 Font defs for Latin Modern
)
LaTeX Font Info:    Font shape `T1/lmtt/bx/n' in size <10> not available
(Font)              Font shape `T1/lmtt/b/n' tried instead on input line 265.
<co2_1997_files/figure-latex/EDA explore time-series and basic characteristics-1.pdf, id=80, 469.755pt x 325.215pt>
File: co2_1997_files/figure-latex/EDA explore time-series and basic characteristics-1.pdf Graphic file (type pdf)
<use co2_1997_files/figure-latex/EDA explore time-series and basic characteristics-1.pdf>
Package pdftex.def Info: co2_1997_files/figure-latex/EDA explore time-series and basic characteristics-1.pdf  used on input line 284.
(pdftex.def)             Requested size: 469.75386pt x 325.2142pt.
[3 <./co2_1997_files/figure-latex/plot the keeling curve-1.pdf>]
<co2_1997_files/figure-latex/EDA explore seasonality-1.pdf, id=94, 289.08pt x 216.81pt>
File: co2_1997_files/figure-latex/EDA explore seasonality-1.pdf Graphic file (type pdf)
<use co2_1997_files/figure-latex/EDA explore seasonality-1.pdf>
Package pdftex.def Info: co2_1997_files/figure-latex/EDA explore seasonality-1.pdf  used on input line 292.
(pdftex.def)             Requested size: 289.09251pt x 216.81938pt.
[4 <./co2_1997_files/figure-latex/EDA explore time-series and basic characteristics-1.pdf> <./co2_1997_files/figure-latex/EDA explore seasonality-1.pdf>]
<co2_1997_files/figure-latex/EDA subseries-1.pdf, id=113, 289.08pt x 216.81pt>
File: co2_1997_files/figure-latex/EDA subseries-1.pdf Graphic file (type pdf)
<use co2_1997_files/figure-latex/EDA subseries-1.pdf>
Package pdftex.def Info: co2_1997_files/figure-latex/EDA subseries-1.pdf  used on input line 312.
(pdftex.def)             Requested size: 289.09251pt x 216.81938pt.
<co2_1997_files/figure-latex/EDA histogram-1.pdf, id=114, 289.08pt x 216.81pt>
File: co2_1997_files/figure-latex/EDA histogram-1.pdf Graphic file (type pdf)
<use co2_1997_files/figure-latex/EDA histogram-1.pdf>
Package pdftex.def Info: co2_1997_files/figure-latex/EDA histogram-1.pdf  used on input line 324.
(pdftex.def)             Requested size: 289.09251pt x 216.81938pt.
[5 <./co2_1997_files/figure-latex/EDA subseries-1.pdf> <./co2_1997_files/figure-latex/EDA histogram-1.pdf>]
<co2_1997_files/figure-latex/EDA yearly trend-1.pdf, id=131, 469.755pt x 325.215pt>
File: co2_1997_files/figure-latex/EDA yearly trend-1.pdf Graphic file (type pdf)
<use co2_1997_files/figure-latex/EDA yearly trend-1.pdf>
Package pdftex.def Info: co2_1997_files/figure-latex/EDA yearly trend-1.pdf  used on input line 334.
(pdftex.def)             Requested size: 469.75386pt x 325.2142pt.
<co2_1997_files/figure-latex/EDA box plot-1.pdf, id=132, 289.08pt x 216.81pt>
File: co2_1997_files/figure-latex/EDA box plot-1.pdf Graphic file (type pdf)
<use co2_1997_files/figure-latex/EDA box plot-1.pdf>
Package pdftex.def Info: co2_1997_files/figure-latex/EDA box plot-1.pdf  used on input line 343.
(pdftex.def)             Requested size: 289.09251pt x 216.81938pt.
[6 <./co2_1997_files/figure-latex/EDA yearly trend-1.pdf> <./co2_1997_files/figure-latex/EDA box plot-1.pdf>]
<co2_1997_files/figure-latex/EDA decompose into trend and season-1.pdf, id=147, 469.755pt x 325.215pt>
File: co2_1997_files/figure-latex/EDA decompose into trend and season-1.pdf Graphic file (type pdf)
<use co2_1997_files/figure-latex/EDA decompose into trend and season-1.pdf>
Package pdftex.def Info: co2_1997_files/figure-latex/EDA decompose into trend and season-1.pdf  used on input line 350.
(pdftex.def)             Requested size: 469.75386pt x 325.2142pt.
<co2_1997_files/figure-latex/check if the remainder in white noise-1.pdf, id=148, 469.755pt x 325.215pt>
File: co2_1997_files/figure-latex/check if the remainder in white noise-1.pdf Graphic file (type pdf)
<use co2_1997_files/figure-latex/check if the remainder in white noise-1.pdf>
Package pdftex.def Info: co2_1997_files/figure-latex/check if the remainder in white noise-1.pdf  used on input line 362.
(pdftex.def)             Requested size: 469.75386pt x 325.2142pt.
[7 <./co2_1997_files/figure-latex/EDA decompose into trend and season-1.pdf>] [8 <./co2_1997_files/figure-latex/check if the remainder in white noise-1.pdf>]
<co2_1997_files/figure-latex/Differencing at 12th lag-1.pdf, id=170, 289.08pt x 216.81pt>
File: co2_1997_files/figure-latex/Differencing at 12th lag-1.pdf Graphic file (type pdf)
<use co2_1997_files/figure-latex/Differencing at 12th lag-1.pdf>
Package pdftex.def Info: co2_1997_files/figure-latex/Differencing at 12th lag-1.pdf  used on input line 470.
(pdftex.def)             Requested size: 289.09251pt x 216.81938pt.
<co2_1997_files/figure-latex/Differencing at 12th lag-2.pdf, id=171, 289.08pt x 216.81pt>
File: co2_1997_files/figure-latex/Differencing at 12th lag-2.pdf Graphic file (type pdf)
<use co2_1997_files/figure-latex/Differencing at 12th lag-2.pdf>
Package pdftex.def Info: co2_1997_files/figure-latex/Differencing at 12th lag-2.pdf  used on input line 471.
(pdftex.def)             Requested size: 289.09251pt x 216.81938pt.

Overfull \hbox (110.65222pt too wide) in paragraph at lines 470--472
[][] [] 
 []

[9]
<co2_1997_files/figure-latex/2nd order difference of 1 lag-1.pdf, id=176, 289.08pt x 216.81pt>
File: co2_1997_files/figure-latex/2nd order difference of 1 lag-1.pdf Graphic file (type pdf)
<use co2_1997_files/figure-latex/2nd order difference of 1 lag-1.pdf>
Package pdftex.def Info: co2_1997_files/figure-latex/2nd order difference of 1 lag-1.pdf  used on input line 489.
(pdftex.def)             Requested size: 289.09251pt x 216.81938pt.
<co2_1997_files/figure-latex/2nd order difference of 1 lag-2.pdf, id=177, 289.08pt x 216.81pt>
File: co2_1997_files/figure-latex/2nd order difference of 1 lag-2.pdf Graphic file (type pdf)
<use co2_1997_files/figure-latex/2nd order difference of 1 lag-2.pdf>
Package pdftex.def Info: co2_1997_files/figure-latex/2nd order difference of 1 lag-2.pdf  used on input line 490.
(pdftex.def)             Requested size: 289.09251pt x 216.81938pt.

Overfull \hbox (110.65222pt too wide) in paragraph at lines 489--491
[][] [] 
 []

[10 <./co2_1997_files/figure-latex/Differencing at 12th lag-1.pdf> <./co2_1997_files/figure-latex/Differencing at 12th lag-2.pdf> <./co2_1997_files/figure-latex/2nd order difference of 1 lag-1.pdf> <./co2_1997_files/figure-latex/2nd order difference of 1 lag-2.pdf>] [11]
<co2_1997_files/figure-latex/Linear Model and Original Time Series plot-1.pdf, id=211, 289.08pt x 216.81pt>
File: co2_1997_files/figure-latex/Linear Model and Original Time Series plot-1.pdf Graphic file (type pdf)
<use co2_1997_files/figure-latex/Linear Model and Original Time Series plot-1.pdf>
Package pdftex.def Info: co2_1997_files/figure-latex/Linear Model and Original Time Series plot-1.pdf  used on input line 604.
(pdftex.def)             Requested size: 289.09251pt x 216.81938pt.
<co2_1997_files/figure-latex/Linear Model and Original Time Series plot-2.pdf, id=212, 289.08pt x 216.81pt>
File: co2_1997_files/figure-latex/Linear Model and Original Time Series plot-2.pdf Graphic file (type pdf)
<use co2_1997_files/figure-latex/Linear Model and Original Time Series plot-2.pdf>
Package pdftex.def Info: co2_1997_files/figure-latex/Linear Model and Original Time Series plot-2.pdf  used on input line 605.
(pdftex.def)             Requested size: 289.09251pt x 216.81938pt.

Overfull \hbox (110.65222pt too wide) in paragraph at lines 604--606
[][] [] 
 []

[12 <./co2_1997_files/figure-latex/Linear Model and Original Time Series plot-1.pdf> <./co2_1997_files/figure-latex/Linear Model and Original Time Series plot-2.pdf>]
<co2_1997_files/figure-latex/Log Model with Original Time Series plot-1.pdf, id=229, 289.08pt x 216.81pt>
File: co2_1997_files/figure-latex/Log Model with Original Time Series plot-1.pdf Graphic file (type pdf)
<use co2_1997_files/figure-latex/Log Model with Original Time Series plot-1.pdf>
Package pdftex.def Info: co2_1997_files/figure-latex/Log Model with Original Time Series plot-1.pdf  used on input line 645.
(pdftex.def)             Requested size: 289.09251pt x 216.81938pt.
<co2_1997_files/figure-latex/Log Model with Original Time Series plot-2.pdf, id=230, 289.08pt x 216.81pt>
File: co2_1997_files/figure-latex/Log Model with Original Time Series plot-2.pdf Graphic file (type pdf)
<use co2_1997_files/figure-latex/Log Model with Original Time Series plot-2.pdf>
Package pdftex.def Info: co2_1997_files/figure-latex/Log Model with Original Time Series plot-2.pdf  used on input line 646.
(pdftex.def)             Requested size: 289.09251pt x 216.81938pt.

Overfull \hbox (110.65222pt too wide) in paragraph at lines 645--647
[][] [] 
 []

[13 <./co2_1997_files/figure-latex/Log Model with Original Time Series plot-1.pdf> <./co2_1997_files/figure-latex/Log Model with Original Time Series plot-2.pdf>]
<co2_1997_files/figure-latex/Log Model and Original Time Series plot-1.pdf, id=247, 289.08pt x 216.81pt>
File: co2_1997_files/figure-latex/Log Model and Original Time Series plot-1.pdf Graphic file (type pdf)
<use co2_1997_files/figure-latex/Log Model and Original Time Series plot-1.pdf>
Package pdftex.def Info: co2_1997_files/figure-latex/Log Model and Original Time Series plot-1.pdf  used on input line 693.
(pdftex.def)             Requested size: 289.09251pt x 216.81938pt.
<co2_1997_files/figure-latex/Log Model and Original Time Series plot-2.pdf, id=248, 289.08pt x 216.81pt>
File: co2_1997_files/figure-latex/Log Model and Original Time Series plot-2.pdf Graphic file (type pdf)
<use co2_1997_files/figure-latex/Log Model and Original Time Series plot-2.pdf>
Package pdftex.def Info: co2_1997_files/figure-latex/Log Model and Original Time Series plot-2.pdf  used on input line 694.
(pdftex.def)             Requested size: 289.09251pt x 216.81938pt.

Overfull \hbox (110.65222pt too wide) in paragraph at lines 693--695
[][] [] 
 []

[14 <./co2_1997_files/figure-latex/Log Model and Original Time Series plot-1.pdf> <./co2_1997_files/figure-latex/Log Model and Original Time Series plot-2.pdf>]
<co2_1997_files/figure-latex/quadratic model with seasonal Vs original-1.pdf, id=263, 289.08pt x 216.81pt>
File: co2_1997_files/figure-latex/quadratic model with seasonal Vs original-1.pdf Graphic file (type pdf)
<use co2_1997_files/figure-latex/quadratic model with seasonal Vs original-1.pdf>
Package pdftex.def Info: co2_1997_files/figure-latex/quadratic model with seasonal Vs original-1.pdf  used on input line 743.
(pdftex.def)             Requested size: 289.09251pt x 216.81938pt.
<co2_1997_files/figure-latex/quadratic model with seasonal Vs original-2.pdf, id=264, 289.08pt x 216.81pt>
File: co2_1997_files/figure-latex/quadratic model with seasonal Vs original-2.pdf Graphic file (type pdf)
<use co2_1997_files/figure-latex/quadratic model with seasonal Vs original-2.pdf>
Package pdftex.def Info: co2_1997_files/figure-latex/quadratic model with seasonal Vs original-2.pdf  used on input line 744.
(pdftex.def)             Requested size: 289.09251pt x 216.81938pt.

Overfull \hbox (110.65222pt too wide) in paragraph at lines 743--745
[][] [] 
 []

<co2_1997_files/figure-latex/forecast plot-1.pdf, id=265, 289.08pt x 216.81pt>
File: co2_1997_files/figure-latex/forecast plot-1.pdf Graphic file (type pdf)
<use co2_1997_files/figure-latex/forecast plot-1.pdf>
Package pdftex.def Info: co2_1997_files/figure-latex/forecast plot-1.pdf  used on input line 759.
(pdftex.def)             Requested size: 289.09251pt x 216.81938pt.
[15 <./co2_1997_files/figure-latex/quadratic model with seasonal Vs original-1.pdf> <./co2_1997_files/figure-latex/quadratic model with seasonal Vs original-2.pdf>]
<co2_1997_files/figure-latex/plot the aic, bic score-1.pdf, id=281, 289.08pt x 216.81pt>
File: co2_1997_files/figure-latex/plot the aic, bic score-1.pdf Graphic file (type pdf)
<use co2_1997_files/figure-latex/plot the aic, bic score-1.pdf>
Package pdftex.def Info: co2_1997_files/figure-latex/plot the aic, bic score-1.pdf  used on input line 790.
(pdftex.def)             Requested size: 289.09251pt x 216.81938pt.
[16 <./co2_1997_files/figure-latex/forecast plot-1.pdf>] [17 <./co2_1997_files/figure-latex/plot the aic, bic score-1.pdf>]
<co2_1997_files/figure-latex/model review-1.pdf, id=302, 289.08pt x 216.81pt>
File: co2_1997_files/figure-latex/model review-1.pdf Graphic file (type pdf)
<use co2_1997_files/figure-latex/model review-1.pdf>
Package pdftex.def Info: co2_1997_files/figure-latex/model review-1.pdf  used on input line 894.
(pdftex.def)             Requested size: 289.09251pt x 216.81938pt.
[18]
<co2_1997_files/figure-latex/plot the forecast-1.pdf, id=307, 469.755pt x 325.215pt>
File: co2_1997_files/figure-latex/plot the forecast-1.pdf Graphic file (type pdf)
<use co2_1997_files/figure-latex/plot the forecast-1.pdf>
Package pdftex.def Info: co2_1997_files/figure-latex/plot the forecast-1.pdf  used on input line 935.
(pdftex.def)             Requested size: 469.75386pt x 325.2142pt.
[19 <./co2_1997_files/figure-latex/model review-1.pdf>] [20 <./co2_1997_files/figure-latex/plot the forecast-1.pdf>]
No file co2_1997.bbl.
[21] (./co2_1997.aux)

LaTeX Warning: There were undefined references.

Package rerunfilecheck Info: File `co2_1997.out' has not changed.
(rerunfilecheck)             Checksum: E164BC6CF3B26977B297C98F4DE3921E;1732.
 ) 
Here is how much of TeX's memory you used:
 12988 strings out of 479984
 212873 string characters out of 5887328
 510806 words of memory out of 5000000
 30862 multiletter control sequences out of 15000+600000
 535618 words of font info for 84 fonts, out of 8000000 for 9000
 14 hyphenation exceptions out of 8191
 72i,7n,77p,558b,576s stack positions out of 10000i,1000n,20000p,200000b,200000s
{/Users/S2K6/Library/TinyTeX/texmf-dist/fonts/enc/dvips/lm/lm-mathsy.enc}{/Users/S2K6/Library/TinyTeX/texmf-dist/fonts/enc/dvips/lm/lm-mathit.enc}{/Users/S2K6/Library/TinyTeX/texmf-dist/fonts/enc/dvips/lm/lm-ec.enc}{/Users/S2K6/Library/TinyTeX/texmf-dist/fonts/enc/dvips/lm/lm-rm.enc}</Users/S2K6/Library/TinyTeX/texmf-dist/fonts/type1/public/lm/lmbx10.pfb></Users/S2K6/Library/TinyTeX/texmf-dist/fonts/type1/public/lm/lmbx12.pfb></Users/S2K6/Library/TinyTeX/texmf-dist/fonts/type1/public/lm/lmbx9.pfb></Users/S2K6/Library/TinyTeX/texmf-dist/fonts/type1/public/lm/lmmi10.pfb></Users/S2K6/Library/TinyTeX/texmf-dist/fonts/type1/public/lm/lmmi12.pfb></Users/S2K6/Library/TinyTeX/texmf-dist/fonts/type1/public/lm/lmmi7.pfb></Users/S2K6/Library/TinyTeX/texmf-dist/fonts/type1/public/lm/lmmi9.pfb></Users/S2K6/Library/TinyTeX/texmf-dist/fonts/type1/public/lm/lmr10.pfb></Users/S2K6/Library/TinyTeX/texmf-dist/fonts/type1/public/lm/lmr12.pfb></Users/S2K6/Library/TinyTeX/texmf-dist/fonts/type1/public/lm/lmr17.pfb></Users/S2K6/Library/TinyTeX/texmf-dist/fonts/type1/public/lm/lmr6.pfb></Users/S2K6/Library/TinyTeX/texmf-dist/fonts/type1/public/lm/lmr7.pfb></Users/S2K6/Library/TinyTeX/texmf-dist/fonts/type1/public/lm/lmr9.pfb></Users/S2K6/Library/TinyTeX/texmf-dist/fonts/type1/public/lm/lmsy10.pfb></Users/S2K6/Library/TinyTeX/texmf-dist/fonts/type1/public/lm/lmsy7.pfb></Users/S2K6/Library/TinyTeX/texmf-dist/fonts/type1/public/lm/lmtk10.pfb></Users/S2K6/Library/TinyTeX/texmf-dist/fonts/type1/public/lm/lmtt10.pfb></Users/S2K6/Library/TinyTeX/texmf-dist/fonts/type1/public/lm/lmtti10.pfb>
Output written on co2_1997.pdf (21 pages, 838831 bytes).
PDF statistics:
 438 PDF objects out of 1000 (max. 8388607)
 322 compressed objects within 4 object streams
 50 named destinations out of 1000 (max. 500000)
 222 words of extra memory for PDF output out of 10000 (max. 10000000)

